This is pdfTeX, Version 3.1415926-1.40.10 (MiKTeX 2.8) (preloaded format=pdflatex 2013.6.23)  10 SEP 2013 19:28
entering extended mode
**bare_conf_Prof.Banerjee.tex

("C:\Ankit\Research\Komal\Hypegraph Recommedation\Hypegraph Recommedation\Prof.
 Banarjee\IEEEtran5\bare_conf_Prof.Banerjee.tex"
LaTeX2e <2009/09/24>
Babel <v3.8l> and hyphenation patterns for english, dumylang, nohyphenation, ge
rman, ngerman, german-x-2009-06-19, ngerman-x-2009-06-19, french, loaded.

("C:\Ankit\Research\Komal\Hypegraph Recommedation\Hypegraph Recommedation\Prof.
 Banarjee\IEEEtran5\IEEEtran.cls"
Document Class: IEEEtran 2012/11/21 V1.8c by Harald Hanche-Olsen and Anders Chr
istensen
-- Based on V1.7a by Michael Shell
-- See the "IEEEtran_HOWTO" manual for usage information.
-- http://www.michaelshell.org/tex/ieeetran/
\@IEEEtrantmpdimenA=\dimen102
\@IEEEtrantmpdimenB=\dimen103
\@IEEEtrantmpcountA=\count79
\@IEEEtrantmpcountB=\count80
\@IEEEtrantmptoksA=\toks14
LaTeX Font Info:    Try loading font information for OT1+ptm on input line 373.

(C:\Ankit_miktex\tex\latex\psnfss\ot1ptm.fd
File: ot1ptm.fd 2001/06/04 font definitions for OT1/ptm.
)
-- Using 8.5in x 11in (letter) paper.
-- Using PDF output.
\@IEEEnormalsizeunitybaselineskip=\dimen104
-- This is a 10 point document.
\CLASSINFOnormalsizebaselineskip=\dimen105
\CLASSINFOnormalsizeunitybaselineskip=\dimen106
\IEEEnormaljot=\dimen107
LaTeX Font Info:    Font shape `OT1/ptm/bx/n' in size <5> not available
(Font)              Font shape `OT1/ptm/b/n' tried instead on input line 731.
LaTeX Font Info:    Font shape `OT1/ptm/bx/it' in size <5> not available
(Font)              Font shape `OT1/ptm/b/it' tried instead on input line 731.
LaTeX Font Info:    Font shape `OT1/ptm/bx/n' in size <7> not available
(Font)              Font shape `OT1/ptm/b/n' tried instead on input line 731.
LaTeX Font Info:    Font shape `OT1/ptm/bx/it' in size <7> not available
(Font)              Font shape `OT1/ptm/b/it' tried instead on input line 731.
LaTeX Font Info:    Font shape `OT1/ptm/bx/n' in size <8> not available
(Font)              Font shape `OT1/ptm/b/n' tried instead on input line 731.
LaTeX Font Info:    Font shape `OT1/ptm/bx/it' in size <8> not available
(Font)              Font shape `OT1/ptm/b/it' tried instead on input line 731.
LaTeX Font Info:    Font shape `OT1/ptm/bx/n' in size <9> not available
(Font)              Font shape `OT1/ptm/b/n' tried instead on input line 731.
LaTeX Font Info:    Font shape `OT1/ptm/bx/it' in size <9> not available
(Font)              Font shape `OT1/ptm/b/it' tried instead on input line 731.
LaTeX Font Info:    Font shape `OT1/ptm/bx/n' in size <10> not available
(Font)              Font shape `OT1/ptm/b/n' tried instead on input line 731.
LaTeX Font Info:    Font shape `OT1/ptm/bx/it' in size <10> not available
(Font)              Font shape `OT1/ptm/b/it' tried instead on input line 731.
LaTeX Font Info:    Font shape `OT1/ptm/bx/n' in size <11> not available
(Font)              Font shape `OT1/ptm/b/n' tried instead on input line 731.
LaTeX Font Info:    Font shape `OT1/ptm/bx/it' in size <11> not available
(Font)              Font shape `OT1/ptm/b/it' tried instead on input line 731.
LaTeX Font Info:    Font shape `OT1/ptm/bx/n' in size <12> not available
(Font)              Font shape `OT1/ptm/b/n' tried instead on input line 731.
LaTeX Font Info:    Font shape `OT1/ptm/bx/it' in size <12> not available
(Font)              Font shape `OT1/ptm/b/it' tried instead on input line 731.
LaTeX Font Info:    Font shape `OT1/ptm/bx/n' in size <17> not available
(Font)              Font shape `OT1/ptm/b/n' tried instead on input line 731.
LaTeX Font Info:    Font shape `OT1/ptm/bx/it' in size <17> not available
(Font)              Font shape `OT1/ptm/b/it' tried instead on input line 731.
LaTeX Font Info:    Font shape `OT1/ptm/bx/n' in size <20> not available
(Font)              Font shape `OT1/ptm/b/n' tried instead on input line 731.
LaTeX Font Info:    Font shape `OT1/ptm/bx/it' in size <20> not available
(Font)              Font shape `OT1/ptm/b/it' tried instead on input line 731.
LaTeX Font Info:    Font shape `OT1/ptm/bx/n' in size <24> not available
(Font)              Font shape `OT1/ptm/b/n' tried instead on input line 731.
LaTeX Font Info:    Font shape `OT1/ptm/bx/it' in size <24> not available
(Font)              Font shape `OT1/ptm/b/it' tried instead on input line 731.
\IEEEilabelindentA=\dimen108
\IEEEilabelindentB=\dimen109
\IEEEilabelindent=\dimen110
\IEEEelabelindent=\dimen111
\IEEEdlabelindent=\dimen112
\IEEElabelindent=\dimen113
\IEEEiednormlabelsep=\dimen114
\IEEEiedmathlabelsep=\dimen115
\IEEEiedtopsep=\skip41
\c@section=\count81
\c@subsection=\count82
\c@subsubsection=\count83
\c@paragraph=\count84
\c@IEEEsubequation=\count85
\abovecaptionskip=\skip42
\belowcaptionskip=\skip43
\c@figure=\count86
\c@table=\count87
\@IEEEeqnnumcols=\count88
\@IEEEeqncolcnt=\count89
\@IEEEtmpitemindent=\dimen116
\c@IEEEbiography=\count90
\@IEEEtranrubishbin=\box26
) (C:\Ankit_miktex\tex\latex\graphics\graphicx.sty
Package: graphicx 1999/02/16 v1.0f Enhanced LaTeX Graphics (DPC,SPQR)

(C:\Ankit_miktex\tex\latex\graphics\keyval.sty
Package: keyval 1999/03/16 v1.13 key=value parser (DPC)
\KV@toks@=\toks15
)
(C:\Ankit_miktex\tex\latex\graphics\graphics.sty
Package: graphics 2009/02/05 v1.0o Standard LaTeX Graphics (DPC,SPQR)

(C:\Ankit_miktex\tex\latex\graphics\trig.sty
Package: trig 1999/03/16 v1.09 sin cos tan (DPC)
)
(C:\Ankit_miktex\tex\latex\00miktex\graphics.cfg
File: graphics.cfg 2007/01/18 v1.5 graphics configuration of teTeX/TeXLive
)
Package graphics Info: Driver file: pdftex.def on input line 91.

(C:\Ankit_miktex\tex\latex\pdftex-def\pdftex.def
File: pdftex.def 2010/02/14 v0.04n Graphics/color for pdfTeX
\Gread@gobject=\count91
))
\Gin@req@height=\dimen117
\Gin@req@width=\dimen118
)
(C:\Ankit_miktex\tex\latex\caption\caption.sty
Package: caption 2012/02/19 v3.2f Customizing captions (AR)

(C:\Ankit_miktex\tex\latex\caption\caption3.sty
Package: caption3 2012/01/12 v1.4b caption3 kernel (AR)
\captionmargin=\dimen119
\captionmargin@=\dimen120
\captionwidth=\dimen121
\caption@indent=\dimen122
\caption@parindent=\dimen123
\caption@hangindent=\dimen124
Package caption Info: Unknown document class (or package),
(caption)             standard defaults will be used.
)

Package caption Warning: Unsupported document class (or package) detected,
(caption)                usage of the caption package is not recommended.
See the caption package documentation for explanation.

Package caption Info: \@makecaption = \long macro:#1#2->\ifx \@captype \@IEEEta
blestring \footnotesize {\centering \normalfont \footnotesize #1.\qquad \scshap
e #2\par }\@IEEEtablecaptionsepspace \else \@IEEEfigurecaptionsepspace \setbox 
\@tempboxa \hbox {\normalfont \footnotesize {#1.}~~ #2}\ifdim \wd \@tempboxa >\
hsize \setbox \@tempboxa \hbox {\normalfont \footnotesize {#1.}~~ }\parbox [t]{
\hsize }{\normalfont \footnotesize \noindent \unhbox \@tempboxa #2}\else \ifCLA
SSOPTIONconference \hbox to\hsize {\normalfont \footnotesize \box \@tempboxa \h
fil }\else \hbox to\hsize {\normalfont \footnotesize \box \@tempboxa \hfil }\fi
 \fi \fi .
\c@ContinuedFloat=\count92
) (C:\Ankit_miktex\tex\latex\caption\subcaption.sty
Package: subcaption 2012/01/12 v1.1d Sub-captions (AR)
\c@subfigure=\count93
\c@subtable=\count94
)
(C:\Ankit_miktex\tex\latex\subfig\subfig.sty
Package: subfig 2005/06/28 ver: 1.3 subfig package
\c@KVtest=\count95
\sf@farskip=\skip44
\sf@captopadj=\dimen125
\sf@capskip=\skip45
\sf@nearskip=\skip46
\sf@top=\skip47
\sf@bottom=\skip48
)
(C:\Ankit_miktex\tex\latex\tools\tabularx.sty
Package: tabularx 1999/01/07 v2.07 `tabularx' package (DPC)

(C:\Ankit_miktex\tex\latex\tools\array.sty
Package: array 2008/09/09 v2.4c Tabular extension package (FMi)
\col@sep=\dimen126
\extrarowheight=\dimen127
\NC@list=\toks16
\extratabsurround=\skip49
\backup@length=\skip50
)
\TX@col@width=\dimen128
\TX@old@table=\dimen129
\TX@old@col=\dimen130
\TX@target=\dimen131
\TX@delta=\dimen132
\TX@cols=\count96
\TX@ftn=\toks17
)
(C:\Ankit_miktex\tex\latex\amsfonts\euscript.sty
Package: euscript 2009/06/22 v3.00 Euler Script fonts
LaTeX Font Info:    Overwriting math alphabet `\EuScript' in version `bold'
(Font)                  U/eus/m/n --> U/eus/b/n on input line 33.
)
(C:\Ankit_miktex\tex\latex\bbm\bbm.sty
Package: bbm 1999/03/15 V 1.2 provides fonts for set symbols - TH
LaTeX Font Info:    Overwriting math alphabet `\mathbbm' in version `bold'
(Font)                  U/bbm/m/n --> U/bbm/bx/n on input line 33.
LaTeX Font Info:    Overwriting math alphabet `\mathbbmss' in version `bold'
(Font)                  U/bbmss/m/n --> U/bbmss/bx/n on input line 35.
)
(C:\Ankit_miktex\tex\latex\ams\math\amsbsy.sty
Package: amsbsy 1999/11/29 v1.2d

(C:\Ankit_miktex\tex\latex\ams\math\amsgen.sty
File: amsgen.sty 1999/11/30 v2.0
\@emptytoks=\toks18
\ex@=\dimen133
)
\pmbraise@=\dimen134
)
(C:\Ankit_miktex\tex\latex\ams\math\amsmath.sty
Package: amsmath 2000/07/18 v2.13 AMS math features
\@mathmargin=\skip51

For additional information on amsmath, use the `?' option.
(C:\Ankit_miktex\tex\latex\ams\math\amstext.sty
Package: amstext 2000/06/29 v2.01
)
(C:\Ankit_miktex\tex\latex\ams\math\amsopn.sty
Package: amsopn 1999/12/14 v2.01 operator names
)
\inf@bad=\count97
LaTeX Info: Redefining \frac on input line 211.
\uproot@=\count98
\leftroot@=\count99
LaTeX Info: Redefining \overline on input line 307.
\classnum@=\count100
\DOTSCASE@=\count101
LaTeX Info: Redefining \ldots on input line 379.
LaTeX Info: Redefining \dots on input line 382.
LaTeX Info: Redefining \cdots on input line 467.
\Mathstrutbox@=\box27
\strutbox@=\box28
\big@size=\dimen135
LaTeX Font Info:    Redeclaring font encoding OML on input line 567.
LaTeX Font Info:    Redeclaring font encoding OMS on input line 568.
\macc@depth=\count102
\c@MaxMatrixCols=\count103
\dotsspace@=\muskip10
\c@parentequation=\count104
\dspbrk@lvl=\count105
\tag@help=\toks19
\row@=\count106
\column@=\count107
\maxfields@=\count108
\andhelp@=\toks20
\eqnshift@=\dimen136
\alignsep@=\dimen137
\tagshift@=\dimen138
\tagwidth@=\dimen139
\totwidth@=\dimen140
\lineht@=\dimen141
\@envbody=\toks21
\multlinegap=\skip52
\multlinetaggap=\skip53
\mathdisplay@stack=\toks22
LaTeX Info: Redefining \[ on input line 2666.
LaTeX Info: Redefining \] on input line 2667.
)
(C:\Ankit_miktex\tex\latex\algorithms\algorithmic.sty
Package: algorithmic 2009/08/24 v0.1 Document Style `algorithmic'

(C:\Ankit_miktex\tex\latex\base\ifthen.sty
Package: ifthen 2001/05/26 v1.1c Standard LaTeX ifthen package (DPC)
)
\c@ALC@unique=\count109
\c@ALC@line=\count110
\c@ALC@rem=\count111
\c@ALC@depth=\count112
\ALC@tlm=\skip54
\algorithmicindent=\skip55
)
(C:\Ankit_miktex\tex\latex\algorithmicx\algpseudocode.sty
Package: algpseudocode 

(C:\Ankit_miktex\tex\latex\algorithmicx\algorithmicx.sty
Package: algorithmicx 2005/04/27 v1.2 Algorithmicx

Document Style algorithmicx 1.2 - a greatly improved `algorithmic' style
\c@ALG@line=\count113
\c@ALG@rem=\count114
\c@ALG@nested=\count115
\ALG@tlm=\skip56
\ALG@thistlm=\skip57
\c@ALG@Lnr=\count116
\c@ALG@blocknr=\count117
\c@ALG@storecount=\count118
\c@ALG@tmpcounter=\count119
\ALG@tmplength=\skip58

! LaTeX Error: Command \algorithmic already defined.
               Or name \end... illegal, see p.192 of the manual.

See the LaTeX manual or LaTeX Companion for explanation.
Type  H <return>  for immediate help.
 ...                                              
                                                  
l.112    }
          %
? 
)
Document Style - pseudocode environments for use with the `algorithmicx' style
) (C:\Ankit_miktex\tex\latex\algorithms\algorithm.sty
Package: algorithm 2009/08/24 v0.1 Document Style `algorithm' - floating enviro
nment

(C:\Ankit_miktex\tex\latex\float\float.sty
Package: float 2001/11/08 v1.3d Float enhancements (AL)
\c@float@type=\count120
\float@exts=\toks23
\float@box=\box29
\@float@everytoks=\toks24
\@floatcapt=\box30
)
\@float@every@algorithm=\toks25
\c@algorithm=\count121
)
("C:\Ankit\Research\Komal\Hypegraph Recommedation\Hypegraph Recommedation\Prof.
 Banarjee\IEEEtran5\bare_conf_Prof.Banerjee.aux")
LaTeX Font Info:    Checking defaults for OML/cmm/m/it on input line 359.
LaTeX Font Info:    ... okay on input line 359.
LaTeX Font Info:    Checking defaults for T1/cmr/m/n on input line 359.
LaTeX Font Info:    ... okay on input line 359.
LaTeX Font Info:    Checking defaults for OT1/cmr/m/n on input line 359.
LaTeX Font Info:    ... okay on input line 359.
LaTeX Font Info:    Checking defaults for OMS/cmsy/m/n on input line 359.
LaTeX Font Info:    ... okay on input line 359.
LaTeX Font Info:    Checking defaults for OMX/cmex/m/n on input line 359.
LaTeX Font Info:    ... okay on input line 359.
LaTeX Font Info:    Checking defaults for U/cmr/m/n on input line 359.
LaTeX Font Info:    ... okay on input line 359.

(C:\Ankit_miktex\tex\context\base\supp-pdf.tex
[Loading MPS to PDF converter (version 2006.09.02).]
\scratchcounter=\count122
\scratchdimen=\dimen142
\scratchbox=\box31
\nofMPsegments=\count123
\nofMParguments=\count124
\everyMPshowfont=\toks26
\MPscratchCnt=\count125
\MPscratchDim=\dimen143
\MPnumerator=\count126
\everyMPtoPDFconversion=\toks27
)
Package caption Info: Begin \AtBeginDocument code.
Package caption Info: subfig package v1.3 is loaded.
Package caption Info: float package is loaded.
Package caption Info: End \AtBeginDocument code.


LaTeX Warning: No \author given.

Runaway argument?
 
! Paragraph ended before \align was complete.
<to be read again> 
                   \par 
l.435 
      
? 
! Missing $ inserted.
<inserted text> 
                $
l.435 
      
? 
! Missing \endgroup inserted.
<inserted text> 
                \endgroup 
l.435 
      
? 
! Missing \endgroup inserted.
<inserted text> 
                \endgroup 
l.435 
      
? 
! Display math should end with $$.
<to be read again> 
                   \par 
l.435 
      
? 

! LaTeX Error: \mathbf allowed only in math mode.

See the LaTeX manual or LaTeX Companion for explanation.
Type  H <return>  for immediate help.
 ...                                              
                                                  
l.436 Q(\mathbf
               {f}) = \overset{m}{\underset{k=1}{\sum}} \left ( \frac{1}{2} ...

? 
! Missing $ inserted.
<inserted text> 
                $
l.436 ...f{f}) = \overset{m}{\underset{k=1}{\sum}}
                                                   \left ( \frac{1}{2} \over...

? 
! Extra }, or forgotten $.
\overset ... {\mathop {\kern \z@ #2}\limits ^{#1}}
                                                  
l.436 ...f{f}) = \overset{m}{\underset{k=1}{\sum}}
                                                   \left ( \frac{1}{2} \over...

? 
! Missing $ inserted.
<inserted text> 
                $
l.438 
      
? 
! Misplaced \cr.
\math@cr@@@ ->\cr 
                  
l.439 \end{align}
                 
? 
! Misplaced \noalign.
\math@cr@@ ... \iffalse }\fi \math@cr@@@ \noalign 
                                                  {\vskip #1\relax }
l.439 \end{align}
                 
? 
! Misplaced \noalign.
\black@ #1->\noalign 
                     {\ifdim #1>\displaywidth \dimen@ \prevdepth \nointerlin...
l.439 \end{align}
                 
? 

! LaTeX Error: \begin{equation} on input line 433 ended by \end{align}.

See the LaTeX manual or LaTeX Companion for explanation.
Type  H <return>  for immediate help.
 ...                                              
                                                  
l.439 \end{align}
                 
? 
! Missing $ inserted.
<inserted text> 
                $
l.439 \end{align}
                 
? 
! Display math should end with $$.
<to be read again> 
                   \endgroup 
l.439 \end{align}
                 
? 

! LaTeX Error: Bad math environment delimiter.

See the LaTeX manual or LaTeX Companion for explanation.
Type  H <return>  for immediate help.
 ...                                              
                                                  
l.440 \end{equation}
                    
? 
! You can't use `\eqno' in horizontal mode.
\endmathdisplay@a ...\df@tag \@empty \else \veqno 
                                                  \alt@tag \df@tag \fi \ifx ...
l.440 \end{equation}
                    
? 

! LaTeX Error: \begin{document} ended by \end{equation}.

See the LaTeX manual or LaTeX Companion for explanation.
Type  H <return>  for immediate help.
 ...                                              
                                                  
l.440 \end{equation}
                    
? 
! Missing $ inserted.
<inserted text> 
                $
l.440 \end{equation}
                    
? 
! Display math should end with $$.
<to be read again> 
                   \endgroup 
l.440 \end{equation}
                    
? 
! Extra \endgroup.
<recently read> \endgroup 
                          
l.440 \end{equation}
                    
? 
Missing character: There is no â in font ptmr7t!
Missing character: There is no € in font ptmr7t!
Missing character: There is no ™ in font ptmr7t!
[1{C:/Users/ankit.CS.005/AppData/Local/MiKTeX/2.8/pdftex/config/pdftex.map}


]

! Package amsmath Error: Erroneous nesting of equation structures;
(amsmath)                trying to recover with `aligned'.

See the amsmath package documentation for explanation.
Type  H <return>  for immediate help.
 ...                                              
                                                  
l.449 \end{align}
                 
? 

! Package amsmath Error: Erroneous nesting of equation structures;
(amsmath)                trying to recover with `aligned'.

See the amsmath package documentation for explanation.
Type  H <return>  for immediate help.
 ...                                              
                                                  
l.456 \end{align}
                 
? 

Overfull \hbox (8.0315pt too wide) detected at line 457
[] []
 []


! Package amsmath Error: Erroneous nesting of equation structures;
(amsmath)                trying to recover with `aligned'.

See the amsmath package documentation for explanation.
Type  H <return>  for immediate help.
 ...                                              
                                                  
l.465 \end{align}
                 
? 

! Package amsmath Error: Erroneous nesting of equation structures;
(amsmath)                trying to recover with `aligned'.

See the amsmath package documentation for explanation.
Type  H <return>  for immediate help.
 ...                                              
                                                  
l.478 \end{align}
                 
? 
! Undefined control sequence.
<argument> ...gamma \mathbf {y}_{t_{k-1}} + \gamm 
                                                  \mathbf {p} \mathbf {J}_{u...
l.478 \end{align}
                 
? 

! Package amsmath Error: Erroneous nesting of equation structures;
(amsmath)                trying to recover with `aligned'.

See the amsmath package documentation for explanation.
Type  H <return>  for immediate help.
 ...                                              
                                                  
l.486 \end{align}
                 
? 
! Undefined control sequence.
<argument> ...gamma \mathbf {y}_{t_{k-1}} + \gamm 
                                                  \mathbf {p} \mathbf {J}_{u...
l.486 \end{align}
                 
? 

! LaTeX Error: Something's wrong--perhaps a missing \item.

See the LaTeX manual or LaTeX Companion for explanation.
Type  H <return>  for immediate help.
 ...                                              
                                                  
l.507 \item
           {Find $\mathbf{f_{t_k}}$ using the equation (6) indirectly using ...

? 
! Missing $ inserted.
<inserted text> 
                $
l.518 
      
? 
! Missing } inserted.
<inserted text> 
                }
l.518 
      
? 
! Extra }, or forgotten \endgroup.
\@par ... \@noitemerr {\@@par }\fi \else {\@@par }
                                                  \fi 
l.518 
      
? 
! Missing number, treated as zero.
<to be read again> 
                   \ALG@currentblock@0 
l.521 \end{algorithmic}
                       
? 
! Missing = inserted for \ifnum.
<to be read again> 
                   \ALG@currentblock@0 
l.521 \end{algorithmic}
                       
? 
! Missing number, treated as zero.
<to be read again> 
                   \ALG@currentblock@0 
l.521 \end{algorithmic}
                       
? 
Missing character: There is no â in font ptmr7t!
Missing character: There is no € in font ptmr7t!
Missing character: There is no ” in font ptmr7t!
Missing character: There is no Ã in font ptmr7t!
Missing character: There is no ¶ in font ptmr7t!

** Conference Paper **
Before submitting the final camera ready copy, remember to:

 1. Manually equalize the lengths of two columns on the last page
 of your paper;

 2. Ensure that any PostScript and/or PDF output post-processing
 uses only Type 1 fonts and that every step in the generation
 process uses the appropriate paper size.

[2]
("C:\Ankit\Research\Komal\Hypegraph Recommedation\Hypegraph Recommedation\Prof.
 Banarjee\IEEEtran5\bare_conf_Prof.Banerjee.aux") ) 
Here is how much of TeX's memory you used:
 4181 strings out of 495285
 63604 string characters out of 3181405
 132846 words of memory out of 3000000
 7359 multiletter control sequences out of 15000+200000
 34417 words of font info for 67 fonts, out of 3000000 for 9000
 17 hyphenation exceptions out of 8191
 36i,8n,38p,1587b,590s stack positions out of 5000i,500n,10000p,200000b,50000s
{C:/Ankit_miktex/fonts/enc/d
vips/fontname/8r.enc}<C:/Ankit_miktex/fonts/type1/public/amsfonts/cm/cmbx10.pfb
><C:/Ankit_miktex/fonts/type1/public/amsfonts/cm/cmbx5.pfb><C:/Ankit_miktex/fon
ts/type1/public/amsfonts/cm/cmbx7.pfb><C:/Ankit_miktex/fonts/type1/public/amsfo
nts/cm/cmex10.pfb><C:/Ankit_miktex/fonts/type1/public/amsfonts/cm/cmmi10.pfb><C
:/Ankit_miktex/fonts/type1/public/amsfonts/cm/cmmi5.pfb><C:/Ankit_miktex/fonts/
type1/public/amsfonts/cm/cmmi7.pfb><C:/Ankit_miktex/fonts/type1/public/amsfonts
/cm/cmr10.pfb><C:/Ankit_miktex/fonts/type1/public/amsfonts/cm/cmr5.pfb><C:/Anki
t_miktex/fonts/type1/public/amsfonts/cm/cmr7.pfb><C:/Ankit_miktex/fonts/type1/p
ublic/amsfonts/cm/cmsy10.pfb><C:/Ankit_miktex/fonts/type1/public/amsfonts/cm/cm
sy5.pfb><C:/Ankit_miktex/fonts/type1/public/amsfonts/cm/cmsy7.pfb><C:/Ankit_mik
tex/fonts/type1/urw/times/utmb8a.pfb><C:/Ankit_miktex/fonts/type1/urw/times/utm
bi8a.pfb><C:/Ankit_miktex/fonts/type1/urw/times/utmr8a.pfb><C:/Ankit_miktex/fon
ts/type1/urw/times/utmri8a.pfb>
Output written on bare_conf_Prof.Banerjee.pdf (2 pages, 192488 bytes).
PDF statistics:
 78 PDF objects out of 1000 (max. 8388607)
 0 named destinations out of 1000 (max. 500000)
 1 words of extra memory for PDF output out of 10000 (max. 10000000)

