This is pdfTeX, Version 3.1415926-1.40.10 (MiKTeX 2.8) (preloaded format=pdflatex 2013.6.23)  10 SEP 2013 14:45
entering extended mode
**algorithmic_check.tex

("C:\Ankit\Research\Komal\Hypegraph Recommedation\Hypegraph Recommedation\Prof.
 Banarjee\algorithmic_check.tex"
LaTeX2e <2009/09/24>
Babel <v3.8l> and hyphenation patterns for english, dumylang, nohyphenation, ge
rman, ngerman, german-x-2009-06-19, ngerman-x-2009-06-19, french, loaded.
(C:\Ankit_miktex\tex\latex\base\article.cls
Document Class: article 2007/10/19 v1.4h Standard LaTeX document class
(C:\Ankit_miktex\tex\latex\base\size12.clo
File: size12.clo 2007/10/19 v1.4h Standard LaTeX file (size option)
)
\c@part=\count79
\c@section=\count80
\c@subsection=\count81
\c@subsubsection=\count82
\c@paragraph=\count83
\c@subparagraph=\count84
\c@figure=\count85
\c@table=\count86
\abovecaptionskip=\skip41
\belowcaptionskip=\skip42
\bibindent=\dimen102
)
(C:\Ankit_miktex\tex\latex\graphics\color.sty
Package: color 2005/11/14 v1.0j Standard LaTeX Color (DPC)

(C:\Ankit_miktex\tex\latex\00miktex\color.cfg
File: color.cfg 2007/01/18 v1.5 color configuration of teTeX/TeXLive
)
Package color Info: Driver file: pdftex.def on input line 130.

(C:\Ankit_miktex\tex\latex\pdftex-def\pdftex.def
File: pdftex.def 2010/02/14 v0.04n Graphics/color for pdfTeX
\Gread@gobject=\count87
))
(C:\Ankit_miktex\tex\latex\psnfss\times.sty
Package: times 2005/04/12 PSNFSS-v9.2a (SPQR) 
)
(C:\Ankit_miktex\tex\latex\hyperref\hyperref.sty
Package: hyperref 2010/03/30 v6.80u Hypertext links for LaTeX

(C:\Ankit_miktex\tex\generic\oberdiek\ltxcmds.sty
Package: ltxcmds 2010/04/08 v1.5 LaTeX kernel commands for general use (HO)
)
(C:\Ankit_miktex\tex\latex\graphics\keyval.sty
Package: keyval 1999/03/16 v1.13 key=value parser (DPC)
\KV@toks@=\toks14
)
(C:\Ankit_miktex\tex\generic\oberdiek\kvsetkeys.sty
Package: kvsetkeys 2010/03/01 v1.9 Key value parser (HO)

(C:\Ankit_miktex\tex\generic\oberdiek\infwarerr.sty
Package: infwarerr 2010/04/08 v1.3 Providing info/warning/message (HO)
)
(C:\Ankit_miktex\tex\generic\oberdiek\etexcmds.sty
Package: etexcmds 2010/01/28 v1.3 Prefix for e-TeX command names (HO)
Package etexcmds Info: Could not find \expanded.
(etexcmds)             That can mean that you are not using pdfTeX 1.50 or
(etexcmds)             that some package has redefined \expanded.
(etexcmds)             In the latter case, load this package earlier.
))
(C:\Ankit_miktex\tex\generic\oberdiek\pdfescape.sty
Package: pdfescape 2010/03/01 v1.9 Provides hex, PDF name and string conversion
s (HO)

(C:\Ankit_miktex\tex\generic\oberdiek\pdftexcmds.sty
Package: pdftexcmds 2010/04/01 v0.9 Utility functions of pdfTeX for LuaTeX (HO)


(C:\Ankit_miktex\tex\generic\oberdiek\ifluatex.sty
Package: ifluatex 2010/03/01 v1.3 Provides the ifluatex switch (HO)
Package ifluatex Info: LuaTeX not detected.
)
Package pdftexcmds Info: LuaTeX not detected.
Package pdftexcmds Info: \pdf@primitive is available.
Package pdftexcmds Info: \pdf@ifprimitive is available.
))
(C:\Ankit_miktex\tex\generic\oberdiek\ifpdf.sty
Package: ifpdf 2010/01/28 v2.1 Provides the ifpdf switch (HO)
Package ifpdf Info: pdfTeX in pdf mode detected.
)
(C:\Ankit_miktex\tex\generic\oberdiek\ifvtex.sty
Package: ifvtex 2010/03/01 v1.5 Switches for detecting VTeX and its modes (HO)
Package ifvtex Info: VTeX not detected.
)
(C:\Ankit_miktex\tex\latex\ifxetex\ifxetex.sty
Package: ifxetex 2009/01/23 v0.5 Provides ifxetex conditional
)
(C:\Ankit_miktex\tex\latex\oberdiek\hycolor.sty
Package: hycolor 2009/12/12 v1.6 Color options of hyperref/bookmark (HO)

(C:\Ankit_miktex\tex\latex\oberdiek\xcolor-patch.sty
Package: xcolor-patch 2009/12/12 xcolor patch
))
(C:\Ankit_miktex\tex\latex\oberdiek\letltxmacro.sty
Package: letltxmacro 2008/06/24 v1.3 Let assignment for LaTeX macros (HO)
)
\@linkdim=\dimen103
\Hy@linkcounter=\count88
\Hy@pagecounter=\count89

(C:\Ankit_miktex\tex\latex\hyperref\pd1enc.def
File: pd1enc.def 2010/03/30 v6.80u Hyperref: PDFDocEncoding definition (HO)
)
(C:\Ankit_miktex\tex\generic\oberdiek\intcalc.sty
Package: intcalc 2007/09/27 v1.1 Expandable integer calculations (HO)
)
(C:\Ankit_miktex\tex\latex\00miktex\hyperref.cfg
File: hyperref.cfg 2002/06/06 v1.2 hyperref configuration of TeXLive
)
(C:\Ankit_miktex\tex\latex\oberdiek\kvoptions.sty
Package: kvoptions 2010/02/22 v3.7 Keyval support for LaTeX options (HO)
)
Package hyperref Info: Hyper figures OFF on input line 3609.
Package hyperref Info: Link nesting OFF on input line 3614.
Package hyperref Info: Hyper index ON on input line 3617.
Package hyperref Info: Plain pages OFF on input line 3624.
Package hyperref Info: Backreferencing OFF on input line 3629.

Implicit mode ON; LaTeX internals redefined
Package hyperref Info: Bookmarks ON on input line 3825.
(C:\Ankit_miktex\tex\latex\ltxmisc\url.sty
\Urlmuskip=\muskip10
Package: url 2006/04/12  ver 3.3  Verb mode for urls, etc.
)
LaTeX Info: Redefining \url on input line 4105.

(C:\Ankit_miktex\tex\generic\oberdiek\bitset.sty
Package: bitset 2007/09/28 v1.0 Data type bit set (HO)

(C:\Ankit_miktex\tex\generic\oberdiek\bigintcalc.sty
Package: bigintcalc 2007/11/11 v1.1 Expandable big integer calculations (HO)
))
\Fld@menulength=\count90
\Field@Width=\dimen104
\Fld@charsize=\dimen105
\Field@toks=\toks15
Package hyperref Info: Hyper figures OFF on input line 5083.
Package hyperref Info: Link nesting OFF on input line 5088.
Package hyperref Info: Hyper index ON on input line 5091.
Package hyperref Info: backreferencing OFF on input line 5098.
Package hyperref Info: Link coloring OFF on input line 5103.
Package hyperref Info: Link coloring with OCG OFF on input line 5108.
Package hyperref Info: PDF/A mode OFF on input line 5113.
LaTeX Info: Redefining \ref on input line 5153.
LaTeX Info: Redefining \pageref on input line 5157.

(C:\Ankit_miktex\tex\generic\oberdiek\atbegshi.sty
Package: atbegshi 2010/03/25 v1.12 At begin shipout hook (HO)
)
\Hy@abspage=\count91
\c@Item=\count92
\c@Hfootnote=\count93
)
* hyperref using default driver hpdftex *
(C:\Ankit_miktex\tex\latex\hyperref\hpdftex.def
File: hpdftex.def 2010/03/30 v6.80u Hyperref driver for pdfTeX

(C:\Ankit_miktex\tex\latex\oberdiek\atveryend.sty
Package: atveryend 2010/03/24 v1.5 Hooks at very end of document (HO)
Package atveryend Info: \enddocument detected (standard).
)
\Fld@listcount=\count94
\c@bookmark@seq@number=\count95

(C:\Ankit_miktex\tex\latex\oberdiek\rerunfilecheck.sty
Package: rerunfilecheck 2010/03/16 v1.6 Rerun checks for auxiliary files (HO)

(C:\Ankit_miktex\tex\generic\oberdiek\uniquecounter.sty
Package: uniquecounter 2009/12/18 v1.1 Provides unlimited unique counter (HO)
)
Package uniquecounter Info: New unique counter `rerunfilecheck' on input line 2
71.
)
\Hy@SectionHShift=\skip43
)
(C:\Ankit_miktex\tex\latex\amsfonts\amsfonts.sty
Package: amsfonts 2009/06/22 v3.00 Basic AMSFonts support
\@emptytoks=\toks16
\symAMSa=\mathgroup4
\symAMSb=\mathgroup5
LaTeX Font Info:    Overwriting math alphabet `\mathfrak' in version `bold'
(Font)                  U/euf/m/n --> U/euf/b/n on input line 96.
)
(C:\Ankit_miktex\tex\latex\amsfonts\amssymb.sty
Package: amssymb 2009/06/22 v3.00
)
(C:\Ankit_miktex\tex\latex\ams\math\amsmath.sty
Package: amsmath 2000/07/18 v2.13 AMS math features
\@mathmargin=\skip44

For additional information on amsmath, use the `?' option.
(C:\Ankit_miktex\tex\latex\ams\math\amstext.sty
Package: amstext 2000/06/29 v2.01

(C:\Ankit_miktex\tex\latex\ams\math\amsgen.sty
File: amsgen.sty 1999/11/30 v2.0
\@emptytoks=\toks17
\ex@=\dimen106
))
(C:\Ankit_miktex\tex\latex\ams\math\amsbsy.sty
Package: amsbsy 1999/11/29 v1.2d
\pmbraise@=\dimen107
)
(C:\Ankit_miktex\tex\latex\ams\math\amsopn.sty
Package: amsopn 1999/12/14 v2.01 operator names
)
\inf@bad=\count96
LaTeX Info: Redefining \frac on input line 211.
\uproot@=\count97
\leftroot@=\count98
LaTeX Info: Redefining \overline on input line 307.
\classnum@=\count99
\DOTSCASE@=\count100
LaTeX Info: Redefining \ldots on input line 379.
LaTeX Info: Redefining \dots on input line 382.
LaTeX Info: Redefining \cdots on input line 467.
\Mathstrutbox@=\box26
\strutbox@=\box27
\big@size=\dimen108
LaTeX Font Info:    Redeclaring font encoding OML on input line 567.
LaTeX Font Info:    Redeclaring font encoding OMS on input line 568.
\macc@depth=\count101
\c@MaxMatrixCols=\count102
\dotsspace@=\muskip11
\c@parentequation=\count103
\dspbrk@lvl=\count104
\tag@help=\toks18
\row@=\count105
\column@=\count106
\maxfields@=\count107
\andhelp@=\toks19
\eqnshift@=\dimen109
\alignsep@=\dimen110
\tagshift@=\dimen111
\tagwidth@=\dimen112
\totwidth@=\dimen113
\lineht@=\dimen114
\@envbody=\toks20
\multlinegap=\skip45
\multlinetaggap=\skip46
\mathdisplay@stack=\toks21
LaTeX Info: Redefining \[ on input line 2666.
LaTeX Info: Redefining \] on input line 2667.
)
(C:\Ankit_miktex\tex\latex\graphics\graphicx.sty
Package: graphicx 1999/02/16 v1.0f Enhanced LaTeX Graphics (DPC,SPQR)

(C:\Ankit_miktex\tex\latex\graphics\graphics.sty
Package: graphics 2009/02/05 v1.0o Standard LaTeX Graphics (DPC,SPQR)

(C:\Ankit_miktex\tex\latex\graphics\trig.sty
Package: trig 1999/03/16 v1.09 sin cos tan (DPC)
)
(C:\Ankit_miktex\tex\latex\00miktex\graphics.cfg
File: graphics.cfg 2007/01/18 v1.5 graphics configuration of teTeX/TeXLive
)
Package graphics Info: Driver file: pdftex.def on input line 91.
)
\Gin@req@height=\dimen115
\Gin@req@width=\dimen116
)
(C:\Ankit_miktex\tex\latex\caption\caption.sty
Package: caption 2012/02/19 v3.2f Customizing captions (AR)

(C:\Ankit_miktex\tex\latex\caption\caption3.sty
Package: caption3 2012/01/12 v1.4b caption3 kernel (AR)
\captionmargin=\dimen117
\captionmargin@=\dimen118
\captionwidth=\dimen119
\caption@indent=\dimen120
\caption@parindent=\dimen121
\caption@hangindent=\dimen122
)
\c@ContinuedFloat=\count108
Package caption Info: hyperref package is loaded.
)
(C:\Ankit_miktex\tex\latex\caption\subcaption.sty
Package: subcaption 2012/01/12 v1.1d Sub-captions (AR)
\c@subfigure=\count109
\c@subtable=\count110
)
(C:\Ankit_miktex\tex\latex\amsfonts\euscript.sty
Package: euscript 2009/06/22 v3.00 Euler Script fonts
LaTeX Font Info:    Overwriting math alphabet `\EuScript' in version `bold'
(Font)                  U/eus/m/n --> U/eus/b/n on input line 33.
)
(C:\Ankit_miktex\tex\latex\bbm\bbm.sty
Package: bbm 1999/03/15 V 1.2 provides fonts for set symbols - TH
LaTeX Font Info:    Overwriting math alphabet `\mathbbm' in version `bold'
(Font)                  U/bbm/m/n --> U/bbm/bx/n on input line 33.
LaTeX Font Info:    Overwriting math alphabet `\mathbbmss' in version `bold'
(Font)                  U/bbmss/m/n --> U/bbmss/bx/n on input line 35.
)
No file algorithmic_check.aux.
LaTeX Font Info:    Checking defaults for OML/cmm/m/it on input line 23.
LaTeX Font Info:    ... okay on input line 23.
LaTeX Font Info:    Checking defaults for T1/cmr/m/n on input line 23.
LaTeX Font Info:    ... okay on input line 23.
LaTeX Font Info:    Checking defaults for OT1/cmr/m/n on input line 23.
LaTeX Font Info:    ... okay on input line 23.
LaTeX Font Info:    Checking defaults for OMS/cmsy/m/n on input line 23.
LaTeX Font Info:    ... okay on input line 23.
LaTeX Font Info:    Checking defaults for OMX/cmex/m/n on input line 23.
LaTeX Font Info:    ... okay on input line 23.
LaTeX Font Info:    Checking defaults for U/cmr/m/n on input line 23.
LaTeX Font Info:    ... okay on input line 23.
LaTeX Font Info:    Checking defaults for PD1/pdf/m/n on input line 23.
LaTeX Font Info:    ... okay on input line 23.
LaTeX Font Info:    Try loading font information for OT1+ptm on input line 23.
(C:\Ankit_miktex\tex\latex\psnfss\ot1ptm.fd
File: ot1ptm.fd 2001/06/04 font definitions for OT1/ptm.
)
(C:\Ankit_miktex\tex\context\base\supp-pdf.tex
[Loading MPS to PDF converter (version 2006.09.02).]
\scratchcounter=\count111
\scratchdimen=\dimen123
\scratchbox=\box28
\nofMPsegments=\count112
\nofMParguments=\count113
\everyMPshowfont=\toks22
\MPscratchCnt=\count114
\MPscratchDim=\dimen124
\MPnumerator=\count115
\everyMPtoPDFconversion=\toks23
)
\AtBeginShipoutBox=\box29
Package hyperref Info: Link coloring OFF on input line 23.
 (C:\Ankit_miktex\tex\latex\hyperref\nameref.sty
Package: nameref 2010/01/25 v2.36 Cross-referencing by name of section

(C:\Ankit_miktex\tex\latex\oberdiek\refcount.sty
Package: refcount 2008/08/11 v3.1 Data extraction from references (HO)
)
(C:\Ankit_miktex\tex\generic\oberdiek\gettitlestring.sty
Package: gettitlestring 2009/12/18 v1.3 Cleanup title references (HO)
)
\c@section@level=\count116
)
LaTeX Info: Redefining \ref on input line 23.
LaTeX Info: Redefining \pageref on input line 23.
\@outlinefile=\write3
Package caption Info: Begin \AtBeginDocument code.
Package caption Info: End \AtBeginDocument code.
LaTeX Font Info:    Try loading font information for U+msa on input line 25.

(C:\Ankit_miktex\tex\latex\amsfonts\umsa.fd
File: umsa.fd 2009/06/22 v3.00 AMS symbols A
)
LaTeX Font Info:    Try loading font information for U+msb on input line 25.

(C:\Ankit_miktex\tex\latex\amsfonts\umsb.fd
File: umsb.fd 2009/06/22 v3.00 AMS symbols B
)
LaTeX Font Info:    Font shape `OT1/ptm/bx/n' in size <17.28> not available
(Font)              Font shape `OT1/ptm/b/n' tried instead on input line 27.
LaTeX Font Info:    Font shape `OT1/ptm/bx/n' in size <14.4> not available
(Font)              Font shape `OT1/ptm/b/n' tried instead on input line 33.
LaTeX Font Info:    Try loading font information for U+eus on input line 35.

(C:\Ankit_miktex\tex\latex\amsfonts\ueus.fd
File: ueus.fd 2009/06/22 v3.00 Euler Script
)
Underfull \hbox (badness 10000) in paragraph at lines 35--36

 []

[1

{C:/Users/ankit.CS.005/AppData/Local/MiKTeX/2.8/pdftex/config/pdftex.map}]
Underfull \hbox (badness 10000) in paragraph at lines 39--40

 []

LaTeX Font Info:    Font shape `OT1/ptm/bx/n' in size <12> not available
(Font)              Font shape `OT1/ptm/b/n' tried instead on input line 43.
[2]

LaTeX Warning: File `tensor_hedge.jpg' not found on input line 64.


! Package pdftex.def Error: File `tensor_hedge.jpg' not found.

See the pdftex.def package documentation for explanation.
Type  H <return>  for immediate help.
 ...                                              
                                                  
l.64 ...aphics[width=\textwidth]{tensor_hedge.jpg}
                                                  
? 
LaTeX Font Info:    Try loading font information for OT1+pcr on input line 64.
(C:\Ankit_miktex\tex\latex\psnfss\ot1pcr.fd
File: ot1pcr.fd 2001/06/04 font definitions for OT1/pcr.
)

LaTeX Warning: File `tensor_build.jpg' not found on input line 71.


! Package pdftex.def Error: File `tensor_build.jpg' not found.

See the pdftex.def package documentation for explanation.
Type  H <return>  for immediate help.
 ...                                              
                                                  
l.71 ...aphics[width=\textwidth]{tensor_build.jpg}
                                                  
? 

Underfull \hbox (badness 10000) in paragraph at lines 82--83

 []


Underfull \hbox (badness 10000) in paragraph at lines 85--86

 []


Underfull \hbox (badness 2818) in paragraph at lines 88--89
[]\OT1/ptm/m/n/12 Liqun Qi,"The Spec-tral The-ory of Ten-sors (Rough Ver-sion)"
, eprint
 []


Underfull \hbox (badness 10000) in paragraph at lines 88--89

 []

[3] [4]
Underfull \hbox (badness 10000) in paragraph at lines 91--92

 []

Package atveryend Info: Empty hook `BeforeClearDocument' on input line 95.
[5]
Package atveryend Info: Empty hook `AfterLastShipout' on input line 95.

("C:\Ankit\Research\Komal\Hypegraph Recommedation\Hypegraph Recommedation\Prof.
 Banarjee\algorithmic_check.aux")
Package atveryend Info: Executing hook `AtVeryEndDocument' on input line 95.


Package rerunfilecheck Warning: File `algorithmic_check.out' has changed.
(rerunfilecheck)                Rerun to get outlines right
(rerunfilecheck)                or use package `bookmark'.

Package rerunfilecheck Info: Checksums for `algorithmic_check.out':
(rerunfilecheck)             Before: <no file>
(rerunfilecheck)             After:  A1F7B42A0CF86C7EF08C43FBAFBAFAE5;524.

LaTeX Warning: Label(s) may have changed. Rerun to get cross-references right.

 ) 
Here is how much of TeX's memory you used:
 6625 strings out of 495285
 97988 string characters out of 3181405
 175478 words of memory out of 3000000
 9682 multiletter control sequences out of 15000+200000
 24652 words of font info for 66 fonts, out of 3000000 for 9000
 14 hyphenation exceptions out of 8191
 36i,7n,38p,1901b,471s stack positions out of 5000i,500n,10000p,200000b,50000s
{C:/Ankit_miktex/fonts/enc/dvips/fontname/8r.enc}<C:/Ankit_miktex/fonts/type1
/public/amsfonts/cm/cmbx12.pfb><C:/Ankit_miktex/fonts/type1/public/amsfonts/cm/
cmbx8.pfb><C:/Ankit_miktex/fonts/type1/public/amsfonts/cm/cmex10.pfb><C:/Ankit_
miktex/fonts/type1/public/amsfonts/cm/cmmi12.pfb><C:/Ankit_miktex/fonts/type1/p
ublic/amsfonts/cm/cmmi6.pfb><C:/Ankit_miktex/fonts/type1/public/amsfonts/cm/cmm
i8.pfb><C:/Ankit_miktex/fonts/type1/public/amsfonts/cm/cmr12.pfb><C:/Ankit_mikt
ex/fonts/type1/public/amsfonts/cm/cmr8.pfb><C:/Ankit_miktex/fonts/type1/public/
amsfonts/cm/cmsy10.pfb><C:/Ankit_miktex/fonts/type1/public/amsfonts/cm/cmsy8.pf
b><C:/Ankit_miktex/fonts/type1/public/amsfonts/euler/eusm10.pfb><C:/Ankit_mikte
x/fonts/type1/public/amsfonts/symbols/msbm10.pfb><C:/Ankit_miktex/fonts/type1/u
rw/courier/ucrr8a.pfb><C:/Ankit_miktex/fonts/type1/urw/times/utmb8a.pfb><C:/Ank
it_miktex/fonts/type1/urw/times/utmr8a.pfb>
Output written on algorithmic_check.pdf (5 pages, 152272 bytes).
PDF statistics:
 106 PDF objects out of 1000 (max. 8388607)
 20 named destinations out of 1000 (max. 500000)
 1 words of extra memory for PDF output out of 10000 (max. 10000000)

